2023-04-06 08:57:55 | #PA3AMQWJBBTI | Prediction = SELL | 2023-04-06 08:59:38 | #PA3AMQWJBBTI | Prediction = SELL | Sell order for 1.6916 ETHUSD at 1869.0633 submitted successfully.
2023-04-06 08:59:38 - Order executed successfully.
2023-04-06 10:01:24 | #PA3AMQWJBBTI | Prediction = SELL | ETHUSD = 1872.4400 | ETH owned = 3.3959 | Portfolio Value = 9988.0368 USD | Waiting for right time to buy.
2023-04-06 11:01:36 | #PA3AMQWJBBTI | Prediction = SELL | ETHUSD = 1877.3577 | ETH owned = 3.3959 | Portfolio Value = 10004.7367 USD | Waiting for right time to buy.
2023-04-06 12:01:46 | #PA3AMQWJBBTI | Prediction = SELL | ETHUSD = 1878.2940 | ETH owned = 3.3959 | Portfolio Value = 10007.9163 USD | Waiting for right time to buy.
2023-04-06 13:01:56 | #PA3AMQWJBBTI | Prediction = SELL | ETHUSD = 1877.5289 | ETH owned = 3.3959 | Portfolio Value = 10005.3181 USD | Waiting for right time to buy.
2023-04-06 14:02:06 | #PA3AMQWJBBTI | Prediction = SELL | ETHUSD = 1870.2067 | ETH owned = 3.3959 | Portfolio Value = 9980.4528 USD | Waiting for right time to buy.
2023-04-06 15:02:09 | #PA3AMQWJBBTI | Prediction = SELL | ETHUSD = 1874.0219 | ETH owned = 3.3959 | Portfolio Value = 9993.4088 USD | Waiting for right time to buy.
2023-04-06 16:02:18 | #PA3AMQWJBBTI | Prediction = BUY | Buy order for 1.9053 ETHUSD at 1866.9955 submitted successfully.
2023-04-06 16:02:18 - Order executed successfully.
2023-04-06 17:02:27 | #PA3AMQWJBBTI | Prediction = SELL | Sell order for 1.7611 ETHUSD at 1869.3999 submitted successfully.
2023-04-06 17:02:27 - Order execution timed out. Resubmitting the order with an updated price.
2023-04-06 17:02:27 - Sell order for 1.761066201 ETH/USD at 1867.5249000000001 submitted successfully.
2023-04-06 17:02:27 - Order execution timed out. Resubmitting the order with an updated price.
2023-04-06 17:02:27 - Sell order for 1.761066201 ETH/USD at 1866.68738 submitted successfully.
2023-04-06 17:02:27 - Order execution timed out. Resubmitting the order with an updated price.
2023-04-06 17:02:27 - Sell order for 1.761066201 ETH/USD at 1866.3799000000001 submitted successfully.
2023-04-06 17:02:27 - Order execution timed out. Resubmitting the order with an updated price.
2023-04-06 17:02:27 - Sell order for 1.761066201 ETH/USD at 1865.3999000000001 submitted successfully.
2023-04-06 17:02:27 - Order execution timed out. Resubmitting the order with an updated price.
2023-04-06 17:02:27 - Sell order for 1.761066201 ETH/USD at 1866.4309 submitted successfully.
2023-04-06 17:02:27 - Order execution timed out. Resubmitting the order with an updated price.
2023-04-06 17:02:27 - Sell order for 1.761066201 ETH/USD at 1866.8393 submitted successfully.
2023-04-06 17:02:27 - Order execution timed out. Resubmitting the order with an updated price.
2023-04-06 17:02:27 - Sell order for 1.761066201 ETH/USD at 1865.5599 submitted successfully.
2023-04-06 17:02:27 - Order executed successfully.
2023-04-06 18:26:06 | #PA3AMQWJBBTI | Prediction = SELL | ETHUSD = 1872.3711 | ETH owned = 3.5354 | Portfolio Value = 9972.2020 USD | Waiting for right time to buy.
2023-04-06 19:26:15 | #PA3AMQWJBBTI | Prediction = SELL | ETHUSD = 1875.2855 | ETH owned = 3.5354 | Portfolio Value = 9982.5055 USD | Waiting for right time to buy.
2023-04-06 20:26:30 | #PA3AMQWJBBTI | Prediction = SELL | ETHUSD = 1880.1645 | ETH owned = 3.5354 | Portfolio Value = 9999.7549 USD | Waiting for right time to buy.
2023-04-06 21:26:46 | #PA3AMQWJBBTI | Prediction = SELL | ETHUSD = 1876.0877 | ETH owned = 3.5354 | Portfolio Value = 9985.3418 USD | Waiting for right time to buy.
2023-04-06 21:39:43 | #PA3AMQWJBBTI | Prediction = SELL | ETHUSD = 1872.7697 | ETH owned = 3.5354 | Portfolio Value = 9973.6115 USD | Waiting for right time to buy.
2023-04-06 21:46:00 | #PA3AMQWJBBTI | Prediction = SELL | Sell order for 1.1755 ETHUSD at 1872.8843 submitted successfully.
2023-04-06 21:46:00 - Order execution timed out. Resubmitting the order with an updated price.
2023-04-06 21:46:00 - Sell order for 1.175511689 ETH/USD at 1871.9379000000001 submitted successfully.
2023-04-06 21:49:59 | #PA3AMQWJBBTI | Prediction = SELL | Sell order for 1.1755 ETHUSD at 1871.4873 submitted successfully.
2023-04-06 21:49:59 - Order executed successfully.
2023-04-06 22:17:41 | #PA3AMQWJBBTI | Prediction = SELL | Sell order for 0.3938 ETHUSD at 1877.6999 submitted successfully.
2023-04-06 22:17:41 - Order executed successfully.
2023-04-06 22:29:55 | #PA3AMQWJBBTI | Prediction = SELL | Sell order for 0.2629 ETHUSD at 1876.9538 submitted successfully.
2023-04-06 22:29:55 - Order execution timed out. Resubmitting the order with an updated price.
2023-04-06 22:29:55 - Sell order for 0.262859108 ETH/USD at 1877.277121 submitted successfully.
2023-04-06 22:29:55 - Order executed successfully.
2023-04-06 23:34:29 | #PA3AMQWJBBTI | Prediction = SELL | Sell order for 0.1755 ETHUSD at 1880.4999 submitted successfully.
2023-04-06 23:34:29 - Order execution timed out. Resubmitting the order with an updated price.
2023-04-06 23:34:29 - Sell order for 0.175458454 ETH/USD at 1880.2689 submitted successfully.
2023-04-06 23:34:29 - Order execution timed out. Resubmitting the order with an updated price.
2023-04-06 23:34:29 - Sell order for 0.175458454 ETH/USD at 1880.565858 submitted successfully.
2023-04-06 23:34:29 - Order execution timed out. Resubmitting the order with an updated price.
2023-04-06 23:34:29 - Sell order for 0.175458454 ETH/USD at 1880.99416 submitted successfully.
2023-04-06 23:34:29 - Order execution timed out. Resubmitting the order with an updated price.
2023-04-06 23:34:29 - Sell order for 0.175458454 ETH/USD at 1880.7699 submitted successfully.
2023-04-06 23:34:29 - Order executed successfully.
2023-04-07 00:49:10 | #PA3AMQWJBBTI | Prediction = BUY | Buy order for 4.8737 ETHUSD at 1871.6301 submitted successfully.
2023-04-07 00:49:10 - Order executed successfully.
2023-04-07 10:44:52 | #PA3AMQWJBBTI | Prediction = SELL | Sell order for 1.7339 ETHUSD at 1862.1090 submitted successfully.
2023-04-07 10:44:52 - Order execution timed out. Resubmitting the order with an updated price.
2023-04-07 10:44:52 - Sell order for 1.733869759 ETH/USD at 1860.9699 submitted successfully.
2023-04-07 10:44:52 - Order execution timed out. Resubmitting the order with an updated price.
2023-04-07 10:44:52 - Sell order for 1.733869759 ETH/USD at 1860.4999 submitted successfully.
2023-04-07 10:44:52 - Order executed successfully.
2023-04-07 11:52:45 | #PA3AMQWJBBTI | Prediction = SELL | Sell order for 1.1574 ETHUSD at 1855.3684 submitted successfully.
2023-04-07 11:52:45 - Order execution timed out. Resubmitting the order with an updated price.
2023-04-07 11:52:45 - Sell order for 1.157358064 ETH/USD at 1855.5399 submitted successfully.
2023-04-07 11:52:45 - Order execution timed out. Resubmitting the order with an updated price.
2023-04-07 11:52:45 - Sell order for 1.157358064 ETH/USD at 1856.1659 submitted successfully.
2023-04-07 11:52:45 - Order execution timed out. Resubmitting the order with an updated price.
2023-04-07 11:52:45 - Sell order for 1.157358064 ETH/USD at 1856.1399000000001 submitted successfully.
2023-04-07 11:52:45 - Order executed successfully.
2023-04-07 13:04:13 | #PA3AMQWJBBTI | Prediction = SELL | Sell order for 0.7725 ETHUSD at 1861.3678 submitted successfully.
2023-04-07 13:04:13 - Order execution timed out. Resubmitting the order with an updated price.
2023-04-07 13:04:13 - Sell order for 0.772536507 ETH/USD at 1861.70609478 submitted successfully.
2023-04-07 13:04:13 - Order execution timed out. Resubmitting the order with an updated price.
2023-04-07 13:04:13 - Sell order for 0.772536507 ETH/USD at 1862.3776283500001 submitted successfully.
2023-04-07 13:04:13 - Order execution timed out. Resubmitting the order with an updated price.
2023-04-07 13:04:13 - Sell order for 0.772536507 ETH/USD at 1860.7099 submitted successfully.
2023-04-07 13:04:13 - Order execution timed out. Resubmitting the order with an updated price.
2023-04-07 13:04:13 - Sell order for 0.772536507 ETH/USD at 1859.65620668 submitted successfully.
2023-04-07 13:04:13 - Order execution timed out. Resubmitting the order with an updated price.
2023-04-07 13:04:13 - Sell order for 0.772536507 ETH/USD at 1860.807 submitted successfully.
2023-04-07 13:04:13 - Order execution timed out. Resubmitting the order with an updated price.
2023-04-07 13:04:13 - Sell order for 0.772536507 ETH/USD at 1860.1399000000001 submitted successfully.
2023-04-07 13:04:13 - Order execution timed out. Resubmitting the order with an updated price.
2023-04-07 13:04:13 - Sell order for 0.772536507 ETH/USD at 1860.7999 submitted successfully.
2023-04-07 13:04:13 - Order executed successfully.
2023-04-07 14:27:27 | #PA3AMQWJBBTI | Prediction = SELL | Sell order for 0.4838 ETHUSD at 1856.9999 submitted successfully.
2023-04-07 14:27:27 - Order execution timed out. Resubmitting the order with an updated price.
2023-04-07 14:27:27 - Sell order for 0.483845002 ETH/USD at 1856.6489100000001 submitted successfully.
2023-04-07 14:27:27 - Order execution timed out. Resubmitting the order with an updated price.
2023-04-07 14:27:27 - Sell order for 0.483845002 ETH/USD at 1857.57242 submitted successfully.
2023-04-07 14:27:27 - Order execution timed out. Resubmitting the order with an updated price.
2023-04-07 14:27:27 - Sell order for 0.483845002 ETH/USD at 1857.1599 submitted successfully.
2023-04-07 14:27:27 - Order execution timed out. Resubmitting the order with an updated price.
2023-04-07 14:27:27 - Sell order for 0.483845002 ETH/USD at 1857.8999000000001 submitted successfully.
2023-04-07 14:27:27 - Order executed successfully.
2023-04-07 15:42:10 | #PA3AMQWJBBTI | Prediction = SELL | Sell order for 0.3230 ETHUSD at 1856.3910 submitted successfully.
2023-04-07 15:42:10 - Order execution timed out. Resubmitting the order with an updated price.
2023-04-07 15:42:10 - Sell order for 0.322966539 ETH/USD at 1856.8604354 submitted successfully.
2023-04-07 15:42:10 - Order execution timed out. Resubmitting the order with an updated price.
2023-04-07 15:42:10 - Sell order for 0.322966539 ETH/USD at 1856.8329 submitted successfully.
2023-04-07 15:42:10 - Order execution timed out. Resubmitting the order with an updated price.
2023-04-07 15:42:10 - Sell order for 0.322966539 ETH/USD at 1854.9674 submitted successfully.
2023-04-07 15:42:10 - Order execution timed out. Resubmitting the order with an updated price.
2023-04-07 15:42:10 - Sell order for 0.322966539 ETH/USD at 1854.76416 submitted successfully.
2023-04-07 15:42:10 - Order execution timed out. Resubmitting the order with an updated price.
2023-04-07 15:42:10 - Sell order for 0.322966539 ETH/USD at 1854.9999 submitted successfully.
2023-04-07 15:42:10 - Order execution timed out. Resubmitting the order with an updated price.
2023-04-07 15:42:10 - Sell order for 0.322966539 ETH/USD at 1855.5151357 submitted successfully.
2023-04-07 15:42:10 - Order execution timed out. Resubmitting the order with an updated price.
2023-04-07 15:42:10 - Sell order for 0.322966539 ETH/USD at 1855.9499 submitted successfully.
2023-04-07 15:42:10 - Order execution timed out. Resubmitting the order with an updated price.
2023-04-07 15:42:10 - Sell order for 0.322966539 ETH/USD at 1856.81129811 submitted successfully.
2023-04-07 15:42:10 - Order execution timed out. Resubmitting the order with an updated price.
2023-04-07 15:42:10 - Sell order for 0.322966539 ETH/USD at 1856.7725 submitted successfully.
2023-04-07 15:42:10 - Order execution timed out. Resubmitting the order with an updated price.
2023-04-07 15:42:10 - Sell order for 0.322966539 ETH/USD at 1857.40979 submitted successfully.
2023-04-07 15:42:10 - Order execution timed out. Resubmitting the order with an updated price.
2023-04-07 15:42:10 - Sell order for 0.322966539 ETH/USD at 1858.0209300000001 submitted successfully.
2023-04-07 15:42:10 - Order executed successfully.
2023-04-07 17:17:56 | #PA3AMQWJBBTI | Prediction = SELL | Sell order for 0.2156 ETHUSD at 1857.4438 submitted successfully.
2023-04-07 17:17:56 - Order executed successfully.
2023-04-07 17:48:10 | #PA3AMQWJBBTI | Prediction = SELL | Sell order for 0.1439 ETHUSD at 1872.6597 submitted successfully.
2023-04-07 17:48:10 - Order execution timed out. Resubmitting the order with an updated price.
2023-04-07 17:48:10 - Error resubmitting Sell order:  Unknown format code 'f' for object of type 'str'
2023-04-07 17:48:10 - Order canceled.
2023-04-07 18:51:24 | #PA3AMQWJBBTI | Prediction = SELL | Sell order for 0.0961 ETHUSD at 1867.5486 submitted successfully.
2023-04-07 18:51:24 - Order execution timed out. Resubmitting the order with an updated price.
2023-04-07 18:51:24 - Error resubmitting Sell order:  Unknown format code 'f' for object of type 'str'
2023-04-07 18:51:24 - Order canceled.
2023-04-07 18:56:19 | #PA3AMQWJBBTI | Prediction = SELL | Sell order for 0.0961 ETHUSD at 1867.0099 submitted successfully.
2023-04-07 18:56:19 - Order execution timed out. Resubmitting the order with an updated price.
2023-04-07 18:56:19 - Sell order for 0.09605309 ETH/USD at 1866.3218 submitted successfully.
Error submitting Sell order:  name 'symbol' is not defined
2023-04-07 19:22:45 | #PA3AMQWJBBTI | Prediction = SELL | Sell order for 0.0641 ETHUSD at 1861.6508 submitted successfully.
Error submitting Sell order:  name 'symbol' is not defined
2023-04-07 19:34:31 | #PA3AMQWJBBTI | Prediction = SELL | Error submitting Sell order:  insufficient balance for ETH (requested: 0.042797054, available: 0.032659857)
2023-04-07 19:39:27 | #PA3AMQWJBBTI | Prediction = SELL | Error submitting Sell order:  insufficient balance for ETH (requested: 0.042797054, available: 0.032659857)
2023-04-07 19:41:04 | #PA3AMQWJBBTI | Prediction = SELL | Error submitting Sell order:  insufficient balance for ETH (requested: 0.042797054, available: 0.032659857)
2023-04-07 19:42:29 | #PA3AMQWJBBTI | Prediction = SELL | Sell order for 0.0428 ETHUSD at 1860.9270 submitted successfully.
2023-04-07 19:42:29 - Order execution timed out. Resubmitting the order with an updated price.
2023-04-07 19:42:29 - Sell order for 0.042797054 ETH/USD at 1858.6999 submitted successfully.
Error submitting Sell order:  name 'symbol' is not defined
2023-04-07 20:02:09 | #PA3AMQWJBBTI | Prediction = SELL | Sell order for 0.0286 ETHUSD at 1858.8879 submitted successfully.
2023-04-07 20:02:09 - Order canceled.
2023-04-07 20:02:58 | #PA3AMQWJBBTI | Prediction = SELL | Sell order for 0.0286 ETHUSD at 1858.4486 submitted successfully.
Error submitting Sell order:  name 'symbol' is not defined
2023-04-07 20:16:23 | #PA3AMQWJBBTI | Prediction = SELL | Sell order for 0.0191 ETHUSD at 1860.0181 submitted successfully.
2023-04-07 20:16:23 - Order execution timed out. Resubmitting the order with an updated price.
2023-04-07 20:16:23 - Sell order for 0.019068495 ETH/USD at 1858.5835 submitted successfully.
2023-04-07 20:16:23 - Order execution timed out. Resubmitting the order with an updated price.
2023-04-07 20:16:23 - Sell order for 0.019068495 ETH/USD at 1858.9037 submitted successfully.
Error submitting Sell order:  404 Client Error: Not Found for url: https://paper-api.alpaca.markets/v2/positions/ETH/USD
2023-04-07 20:42:25 | #PA3AMQWJBBTI | Prediction = SELL | Sell order for 0.0127 ETHUSD at 1862.4048 submitted successfully.
2023-04-07 20:42:25 - Order execution timed out. Resubmitting the order with an updated price.
2023-04-07 20:42:25 - Sell order for 0.012728221 ETH/USD at 1862.986756 submitted successfully.
2023-04-07 20:42:25 - Order execution timed out. Resubmitting the order with an updated price.
2023-04-07 20:42:25 - Sell order for 0.012728221 ETH/USD at 1862.8184 submitted successfully.
2023-04-07 20:42:25 - Order execution timed out. Resubmitting the order with an updated price.
2023-04-07 20:42:25 - Sell order for 0.012728221 ETH/USD at 1860.5439000000001 submitted successfully.
Error submitting Sell order:  name 'portfolio_value' is not defined
2023-04-07 21:52:58 | #PA3AMQWJBBTI | Prediction = SELL | ETHUSD = 1863.0000 | ETH owned = 0.0256 | Portfolio Value = 9877.7952 USD | 2023-04-07 22:53:11 | #PA3AMQWJBBTI | Prediction = SELL | ETHUSD = 1870.6079 | ETH owned = 0.0256 | Portfolio Value = 9877.9896 USD | 2023-04-07 23:53:23 | #PA3AMQWJBBTI | Prediction = SELL | ETHUSD = 1867.7322 | ETH owned = 0.0256 | Portfolio Value = 9877.9161 USD | 2023-04-08 00:53:36 | #PA3AMQWJBBTI | Prediction = SELL | ETHUSD = 1874.7600 | ETH owned = 0.0256 | Portfolio Value = 9878.0957 USD | 2023-04-08 01:53:49 | #PA3AMQWJBBTI | Prediction = SELL | ETHUSD = 1877.8820 | ETH owned = 0.0256 | Portfolio Value = 9878.1754 USD | 2023-04-08 02:54:01 | #PA3AMQWJBBTI | Prediction = SELL | ETHUSD = 1873.9324 | ETH owned = 0.0256 | Portfolio Value = 9878.0745 USD | 2023-04-08 03:54:14 | #PA3AMQWJBBTI | Prediction = SELL | ETHUSD = 1871.3371 | ETH owned = 0.0256 | Portfolio Value = 9878.0082 USD | 2023-04-08 04:54:27 | #PA3AMQWJBBTI | Prediction = SELL | ETHUSD = 1874.5300 | ETH owned = 0.0256 | Portfolio Value = 9878.0898 USD | 2023-04-08 05:54:40 | #PA3AMQWJBBTI | Prediction = SELL | ETHUSD = 1870.5500 | ETH owned = 0.0256 | Portfolio Value = 9877.9881 USD | 2023-04-08 06:54:52 | #PA3AMQWJBBTI | Prediction = SELL | ETHUSD = 1869.5300 | ETH owned = 0.0256 | Portfolio Value = 9877.9620 USD | 2023-04-08 07:55:05 | #PA3AMQWJBBTI | Prediction = BUY | Error submitting Buy order:  insufficient balance for USD (requested: 9634.5712326912073, available: 7830.19)
2023-04-08 08:55:17 | #PA3AMQWJBBTI | Prediction = SELL | ETHUSD = 1870.0586 | ETH owned = 0.0256 | Portfolio Value = 9877.9755 USD | 
2023-04-08 09:55:30 | #PA3AMQWJBBTI | Prediction = SELL | ETHUSD = 1870.7300 | ETH owned = 0.0256 | Portfolio Value = 9877.9927 USD | 
2023-04-08 10:55:41 | #PA3AMQWJBBTI | Prediction = SELL | ETHUSD = 1869.1789 | ETH owned = 0.0256 | Portfolio Value = 9877.9531 USD | 
2023-04-08 11:55:55 | #PA3AMQWJBBTI | Prediction = SELL | ETHUSD = 1870.1000 | ETH owned = 0.0256 | Portfolio Value = 9877.9766 USD | 
2023-04-08 12:56:07 | #PA3AMQWJBBTI | Prediction = BUY | Error submitting Buy order:  insufficient balance for USD (requested: 9634.5712347882331, available: 7830.19)
2023-04-08 13:56:18 | #PA3AMQWJBBTI | Prediction = BUY | Error submitting Buy order:  insufficient balance for USD (requested: 9634.5712380955279158811695, available: 7830.19)
2023-04-08 14:56:30 | #PA3AMQWJBBTI | Prediction = SELL | ETHUSD = 1856.4520 | ETH owned = 0.0256 | Portfolio Value = 9877.6279 USD | 
2023-04-08 15:56:43 | #PA3AMQWJBBTI | Prediction = SELL | ETHUSD = 1857.3184 | ETH owned = 0.0256 | Portfolio Value = 9877.6500 USD | 
2023-04-08 16:56:56 | #PA3AMQWJBBTI | Prediction = SELL | ETHUSD = 1857.6285 | ETH owned = 0.0256 | Portfolio Value = 9877.6579 USD | 
2023-04-08 20:41:03 | #PA3AMQWJBBTI | Prediction = SELL | ETHUSD = 1858.3500 | ETH owned = 0.0256 | Portfolio Value = 9877.6764 USD
Waiting for right time to buy.
2023-04-08 21:41:38 | #PA3AMQWJBBTI | Prediction = SELL | ETHUSD = 1860.5922 | ETH owned = 0.0256 | Portfolio Value = 9877.7336 USD|Waiting for right time to buy.
2023-04-08 22:41:49 | #PA3AMQWJBBTI | Prediction = SELL | ETHUSD = 1856.9638 | ETH owned = 0.0256 | Portfolio Value = 9877.6409 USD|Waiting for right time to buy.
2023-04-08 23:41:53 | #PA3AMQWJBBTI | Prediction = SELL | ETHUSD = 1855.8090 | ETH owned = 0.0256 | Portfolio Value = 9877.6114 USD|Waiting for right time to buy.
2023-04-09 00:41:58 | #PA3AMQWJBBTI | Prediction = SELL | ETHUSD = 1857.1100 | ETH owned = 0.0256 | Portfolio Value = 9877.6447 USD|Waiting for right time to buy.
2023-04-09 01:42:03 | #PA3AMQWJBBTI | Prediction = BUY | Buy order for 4.0762 ETHUSD at 1838.3621 submitted successfully.
Error submitting Buy order:  name 'portfolio_value' is not defined
2023-04-09 02:42:07 | #PA3AMQWJBBTI | Prediction = BUY | Buy order for 0.9711 ETHUSD at 1836.8096 submitted successfully.
Error submitting Buy order:  name 'portfolio_value' is not defined
2023-04-09 03:42:11 | #PA3AMQWJBBTI | Prediction = SELL | Sell order for 1.6825 ETHUSD at 1836.8039 submitted successfully.
2023-04-09 03:42:11 - Order execution timed out. Resubmitting the order with an updated price.
2023-04-09 03:42:11 - Sell order for 1.682536292 ETH/USD at 1836.312838 submitted successfully.
Error submitting Sell order:  name 'portfolio_value' is not defined
2023-04-09 04:46:11 | #PA3AMQWJBBTI | Prediction = SELL | Sell order for 1.1231 ETHUSD at 1840.1049 submitted successfully.
2023-04-09 04:46:11 - Order execution timed out. Resubmitting the order with an updated price.
2023-04-09 04:46:11 - Sell order for 1.123092974 ETH/USD at 1841.0999 submitted successfully.
2023-04-09 04:46:11 - Order execution timed out. Resubmitting the order with an updated price.
2023-04-09 04:46:11 - Sell order for 1.123092974 ETH/USD at 1839.5899 submitted successfully.
2023-04-09 04:46:11 - Order execution timed out. Resubmitting the order with an updated price.
2023-04-09 04:46:11 - Sell order for 1.123092974 ETH/USD at 1838.4449 submitted successfully.
2023-04-09 04:46:11 - Order execution timed out. Resubmitting the order with an updated price.
2023-04-09 04:46:11 - Sell order for 1.123092974 ETH/USD at 1838.28621 submitted successfully.
2023-04-09 04:46:11 - Order execution timed out. Resubmitting the order with an updated price.
2023-04-09 04:46:11 - Sell order for 1.123092974 ETH/USD at 1837.9999 submitted successfully.
2023-04-09 04:46:11 - Order execution timed out. Resubmitting the order with an updated price.
2023-04-09 04:46:11 - Sell order for 1.123092974 ETH/USD at 1838.2999 submitted successfully.
2023-04-09 04:46:11 - Order execution timed out. Resubmitting the order with an updated price.
2023-04-09 04:46:11 - Sell order for 1.123092974 ETH/USD at 1838.3199 submitted successfully.
2023-04-09 04:46:11 - Order execution timed out. Resubmitting the order with an updated price.
2023-04-09 04:46:11 - Sell order for 1.123092974 ETH/USD at 1838.021055 submitted successfully.
2023-04-09 04:46:11 - Order execution timed out. Resubmitting the order with an updated price.
2023-04-09 04:46:11 - Sell order for 1.123092974 ETH/USD at 1837.59775024 submitted successfully.
2023-04-09 04:46:11 - Order execution timed out. Resubmitting the order with an updated price.
2023-04-09 04:46:11 - Sell order for 1.123092974 ETH/USD at 1837.6999 submitted successfully.
2023-04-09 04:46:11 - Order execution timed out. Resubmitting the order with an updated price.
2023-04-09 04:46:11 - Sell order for 1.123092974 ETH/USD at 1837.54358 submitted successfully.
Error submitting Sell order:  name 'portfolio_value' is not defined
2023-04-09 06:22:39 | #PA3AMQWJBBTI | Prediction = SELL | Sell order for 0.2090 ETHUSD at 1835.3674 submitted successfully.
2023-04-09 06:22:39 - Order execution timed out. Resubmitting the order with an updated price.
2023-04-09 06:22:39 - Sell order for 0.20902922 ETH/USD at 1835.3022764 submitted successfully.
2023-04-09 06:22:39 - Order execution timed out. Resubmitting the order with an updated price.
2023-04-09 06:22:39 - Sell order for 0.20902922 ETH/USD at 1835.0259 submitted successfully.
2023-04-09 06:22:39 - Order execution timed out. Resubmitting the order with an updated price.
2023-04-09 06:22:39 - Sell order for 0.20902922 ETH/USD at 1836.6299000000001 submitted successfully.
2023-04-09 06:22:39 - Order execution timed out. Resubmitting the order with an updated price.
2023-04-09 06:22:39 - Sell order for 0.20902922 ETH/USD at 1837.21482897 submitted successfully.
2023-04-09 06:22:39 - Order execution timed out. Resubmitting the order with an updated price.
2023-04-09 06:22:39 - Sell order for 0.20902922 ETH/USD at 1838.2926 submitted successfully.
2023-04-09 06:22:39 - Order execution timed out. Resubmitting the order with an updated price.
2023-04-09 06:22:39 - Sell order for 0.20902922 ETH/USD at 1839.4518 submitted successfully.
2023-04-09 06:22:39 - Order execution timed out. Resubmitting the order with an updated price.
2023-04-09 06:22:39 - Sell order for 0.20902922 ETH/USD at 1839.256615 submitted successfully.
Error submitting Sell order:  name 'portfolio_value' is not defined
2023-04-09 07:45:53 | #PA3AMQWJBBTI | Prediction = SELL | Sell order for 0.1137 ETHUSD at 1842.6009 submitted successfully.
2023-04-09 07:45:53 - Order execution timed out. Resubmitting the order with an updated price.
2023-04-09 07:45:53 - Sell order for 0.113681908 ETH/USD at 1841.7039 submitted successfully.
2023-04-09 07:45:53 - Order execution timed out. Resubmitting the order with an updated price.
2023-04-09 07:45:53 - Sell order for 0.113681908 ETH/USD at 1841.42909688 submitted successfully.
2023-04-09 07:45:53 - Order execution timed out. Resubmitting the order with an updated price.
2023-04-09 07:45:53 - Sell order for 0.113681908 ETH/USD at 1841.7675543 submitted successfully.
2023-04-09 07:45:53 - Order execution timed out. Resubmitting the order with an updated price.
2023-04-09 07:45:53 - Sell order for 0.113681908 ETH/USD at 1841.2342800000001 submitted successfully.
2023-04-09 07:45:53 - Order execution timed out. Resubmitting the order with an updated price.
2023-04-09 07:45:53 - Sell order for 0.113681908 ETH/USD at 1841.8398665 submitted successfully.
2023-04-09 07:45:53 - Order execution timed out. Resubmitting the order with an updated price.
2023-04-09 07:45:53 - Sell order for 0.113681908 ETH/USD at 1840.3939 submitted successfully.
Error submitting Sell order:  name 'symbol' is not defined
2023-04-09 09:05:23 | #PA3AMQWJBBTI | Prediction = SELL | Sell order for 0.0398 ETHUSD at 1838.8999 submitted successfully.
2023-04-09 09:05:23 - Order execution timed out. Resubmitting the order with an updated price.
2023-04-09 09:05:23 - Sell order for 0.039755603 ETH/USD at 1839.6099 submitted successfully.
2023-04-09 09:05:23 - Order execution timed out. Resubmitting the order with an updated price.
2023-04-09 09:05:23 - Sell order for 0.039755603 ETH/USD at 1840.0900100000001 submitted successfully.
2023-04-09 09:05:23 - Order execution timed out. Resubmitting the order with an updated price.
2023-04-09 09:05:23 - Sell order for 0.039755603 ETH/USD at 1840.0999 submitted successfully.
2023-04-09 09:05:23 - Order execution timed out. Resubmitting the order with an updated price.
2023-04-09 09:05:23 - Sell order for 0.039755603 ETH/USD at 1839.1999 submitted successfully.
2023-04-09 09:05:23 - Order execution timed out. Resubmitting the order with an updated price.
2023-04-09 09:05:23 - Sell order for 0.039755603 ETH/USD at 1831.440129 submitted successfully.
Error submitting Sell order:  name 'symbol' is not defined
2023-04-09 10:21:07 | #PA3AMQWJBBTI | Prediction = SELL | Sell order for 0.0179 ETHUSD at 1835.5642 submitted successfully.
2023-04-09 10:21:07 - Order execution timed out. Resubmitting the order with an updated price.
2023-04-09 10:21:07 - Sell order for 0.017928228 ETH/USD at 1835.3624 submitted successfully.
Error submitting Sell order:  name 'symbol' is not defined
2023-04-09 11:26:36 | #PA3AMQWJBBTI | Prediction = SELL | Sell order for 0.0120 ETHUSD at 1840.5499 submitted successfully.
Error submitting Sell order:  name 'symbol' is not defined
2023-04-09 12:29:13 | #PA3AMQWJBBTI | Prediction = SELL | ETHUSD = 1840.3294 | ETH owned = 0.0240 | Portfolio Value = 9841.7686 USD|Waiting for right time to buy.
2023-04-09 13:29:18 | #PA3AMQWJBBTI | Prediction = SELL | ETHUSD = 1843.7590 | ETH owned = 0.0240 | Portfolio Value = 9841.8510 USD|Waiting for right time to buy.
2023-04-09 14:29:22 | #PA3AMQWJBBTI | Prediction = SELL | ETHUSD = 1865.4692 | ETH owned = 0.0240 | Portfolio Value = 9842.3725 USD|Waiting for right time to buy.
2023-04-09 15:29:26 | #PA3AMQWJBBTI | Prediction = SELL | ETHUSD = 1857.2724 | ETH owned = 0.0240 | Portfolio Value = 9842.1756 USD|Waiting for right time to buy.
2023-04-09 16:29:30 | #PA3AMQWJBBTI | Prediction = SELL | ETHUSD = 1871.7229 | ETH owned = 0.0240 | Portfolio Value = 9842.5228 USD|Waiting for right time to buy.
2023-04-09 17:29:34 | #PA3AMQWJBBTI | Prediction = SELL | ETHUSD = 1870.2652 | ETH owned = 0.0240 | Portfolio Value = 9842.4877 USD|Waiting for right time to buy.
2023-04-09 18:29:38 | #PA3AMQWJBBTI | Prediction = SELL | ETHUSD = 1864.8921 | ETH owned = 0.0240 | Portfolio Value = 9842.3587 USD|Waiting for right time to buy.
2023-04-09 19:29:42 | #PA3AMQWJBBTI | Prediction = SELL | ETHUSD = 1864.5513 | ETH owned = 0.0240 | Portfolio Value = 9842.3505 USD|Waiting for right time to buy.
2023-04-09 20:29:47 | #PA3AMQWJBBTI | Prediction = BUY | Buy order for 4.0338 ETHUSD at 1851.5201 submitted successfully.
Error submitting Buy order:  name 'symbol' is not defined
2023-04-09 21:30:01 | #PA3AMQWJBBTI | Prediction = SELL | Sell order for 1.3472 ETHUSD at 1854.8611 submitted successfully.
2023-04-09 21:30:01 - Order execution timed out. Resubmitting the order with an updated price.
2023-04-09 21:30:01 - Sell order for 1.347217492 ETH/USD at 1856.3299 submitted successfully.
2023-04-09 21:30:01 - Order execution timed out. Resubmitting the order with an updated price.
2023-04-09 21:30:01 - Sell order for 1.347217492 ETH/USD at 1856.08326 submitted successfully.
2023-04-09 21:30:01 - Order execution timed out. Resubmitting the order with an updated price.
2023-04-09 21:30:01 - Sell order for 1.347217492 ETH/USD at 1857.313 submitted successfully.
Error submitting Sell order:  name 'symbol' is not defined
2023-04-09 22:40:08 | #PA3AMQWJBBTI | Prediction = SELL | Sell order for 0.8728 ETHUSD at 1862.0699 submitted successfully.
2023-04-09 22:40:08 - Order execution timed out. Resubmitting the order with an updated price.
2023-04-09 22:40:08 - Sell order for 0.872800718 ETH/USD at 1861.0899 submitted successfully.
2023-04-09 22:40:08 - Order execution timed out. Resubmitting the order with an updated price.
2023-04-09 22:40:08 - Sell order for 0.872800718 ETH/USD at 1860.8104032 submitted successfully.
2023-04-09 22:40:08 - Order execution timed out. Resubmitting the order with an updated price.
2023-04-09 22:40:08 - Sell order for 0.872800718 ETH/USD at 1860.49681681 submitted successfully.
2023-04-09 22:40:08 - Order execution timed out. Resubmitting the order with an updated price.
2023-04-09 22:40:08 - Sell order for 0.872800718 ETH/USD at 1861.66603708 submitted successfully.
2023-04-09 22:40:08 - Order execution timed out. Resubmitting the order with an updated price.
2023-04-09 22:40:08 - Sell order for 0.872800718 ETH/USD at 1861.2493512 submitted successfully.
2023-04-09 22:40:08 - Order execution timed out. Resubmitting the order with an updated price.
2023-04-09 22:40:08 - Sell order for 0.872800718 ETH/USD at 1860.2119 submitted successfully.
2023-04-09 22:40:08 - Order execution timed out. Resubmitting the order with an updated price.
2023-04-09 22:40:08 - Sell order for 0.872800718 ETH/USD at 1859.9199 submitted successfully.
Error submitting Sell order:  name 'symbol' is not defined
2023-04-10 00:01:51 | #PA3AMQWJBBTI | Prediction = SELL | Sell order for 0.4140 ETHUSD at 1859.0798 submitted successfully.
2023-04-10 00:01:51 - Order execution timed out. Resubmitting the order with an updated price.
2023-04-10 00:01:51 - Sell order for 0.414016979 ETH/USD at 1859.68354626 submitted successfully.
2023-04-10 00:01:51 - Order execution timed out. Resubmitting the order with an updated price.
2023-04-10 00:01:51 - Sell order for 0.414016979 ETH/USD at 1858.6025 submitted successfully.
2023-04-10 00:01:51 - Order execution timed out. Resubmitting the order with an updated price.
2023-04-10 00:01:51 - Sell order for 0.414016979 ETH/USD at 1858.894545 submitted successfully.
2023-04-10 00:01:51 - Order execution timed out. Resubmitting the order with an updated price.
2023-04-10 00:01:51 - Sell order for 0.414016979 ETH/USD at 1858.0389 submitted successfully.
2023-04-10 00:01:51 - Order execution timed out. Resubmitting the order with an updated price.
2023-04-10 00:01:51 - Sell order for 0.414016979 ETH/USD at 1858.058883 submitted successfully.
2023-04-10 00:01:51 - Order execution timed out. Resubmitting the order with an updated price.
2023-04-10 00:01:51 - Sell order for 0.414016979 ETH/USD at 1856.8999000000001 submitted successfully.
2023-04-10 00:01:51 - Order execution timed out. Resubmitting the order with an updated price.
2023-04-10 00:01:51 - Sell order for 0.414016979 ETH/USD at 1859.54551463 submitted successfully.
2023-04-10 00:01:51 - Order execution timed out. Resubmitting the order with an updated price.
2023-04-10 00:01:51 - Sell order for 0.414016979 ETH/USD at 1858.1629 submitted successfully.
Error submitting Sell order:  name 'symbol' is not defined
2023-04-10 01:28:36 | #PA3AMQWJBBTI | Prediction = SELL | Sell order for 0.1387 ETHUSD at 1860.2113 submitted successfully.
2023-04-10 01:28:36 - Order execution timed out. Resubmitting the order with an updated price.
2023-04-10 01:28:36 - Sell order for 0.138695688 ETH/USD at 1860.5951 submitted successfully.
2023-04-10 01:28:36 - Order execution timed out. Resubmitting the order with an updated price.
2023-04-10 01:28:36 - Sell order for 0.138695688 ETH/USD at 1860.4599 submitted successfully.
2023-04-10 01:28:36 - Order execution timed out. Resubmitting the order with an updated price.
2023-04-10 01:28:36 - Sell order for 0.138695688 ETH/USD at 1861.7879 submitted successfully.
2023-04-10 01:28:36 - Order execution timed out. Resubmitting the order with an updated price.
2023-04-10 01:28:36 - Sell order for 0.138695688 ETH/USD at 1862.3658514 submitted successfully.
2023-04-10 01:28:36 - Order execution timed out. Resubmitting the order with an updated price.
2023-04-10 01:28:36 - Sell order for 0.138695688 ETH/USD at 1861.5699 submitted successfully.
2023-04-10 01:28:36 - Order execution timed out. Resubmitting the order with an updated price.
2023-04-10 01:28:36 - Sell order for 0.138695688 ETH/USD at 1861.3883043 submitted successfully.
2023-04-10 01:28:36 - Order execution timed out. Resubmitting the order with an updated price.
2023-04-10 01:28:36 - Sell order for 0.138695688 ETH/USD at 1862.4192 submitted successfully.
2023-04-10 01:28:36 - Order execution timed out. Resubmitting the order with an updated price.
2023-04-10 01:28:36 - Sell order for 0.138695688 ETH/USD at 1862.3459 submitted successfully.
2023-04-10 01:28:36 - Order execution timed out. Resubmitting the order with an updated price.
2023-04-10 01:28:36 - Sell order for 0.138695688 ETH/USD at 1862.6999 submitted successfully.
2023-04-10 01:28:36 - Order execution timed out. Resubmitting the order with an updated price.
2023-04-10 01:28:36 - Sell order for 0.138695688 ETH/USD at 1861.13145 submitted successfully.
2023-04-10 01:28:36 - Order execution timed out. Resubmitting the order with an updated price.
2023-04-10 01:28:36 - Sell order for 0.138695688 ETH/USD at 1861.1329 submitted successfully.
2023-04-10 01:28:36 - Order execution timed out. Resubmitting the order with an updated price.
2023-04-10 01:28:36 - Sell order for 0.138695688 ETH/USD at 1860.8737 submitted successfully.
Error submitting Sell order:  name 'symbol' is not defined
2023-04-10 03:07:22 | #PA3AMQWJBBTI | Prediction = SELL | Sell order for 0.0355 ETHUSD at 1860.9406 submitted successfully.
Error submitting Sell order:  name 'symbol' is not defined
2023-04-10 04:08:17 | #PA3AMQWJBBTI | Prediction = SELL | Sell order for 0.0237 ETHUSD at 1860.0667 submitted successfully.
2023-04-10 04:08:17 - Order execution timed out. Resubmitting the order with an updated price.
2023-04-10 04:08:17 - Sell order for 0.023689946 ETH/USD at 1860.670326 submitted successfully.
2023-04-10 04:08:17 - Order execution timed out. Resubmitting the order with an updated price.
2023-04-10 04:08:17 - Sell order for 0.023689946 ETH/USD at 1861.6867638 submitted successfully.
2023-04-10 04:08:17 - Order execution timed out. Resubmitting the order with an updated price.
2023-04-10 04:08:17 - Sell order for 0.023689946 ETH/USD at 1861.5399 submitted successfully.
2023-04-10 04:08:17 - Order execution timed out. Resubmitting the order with an updated price.
2023-04-10 04:08:17 - Sell order for 0.023689946 ETH/USD at 1861.8499 submitted successfully.
2023-04-10 04:08:17 - Order execution timed out. Resubmitting the order with an updated price.
2023-04-10 04:08:17 - Sell order for 0.023689946 ETH/USD at 1861.7429 submitted successfully.
Error submitting Sell order:  name 'symbol' is not defined
2023-04-10 05:25:13 | #PA3AMQWJBBTI | Prediction = SELL | Sell order for 0.0158 ETHUSD at 1858.1999 submitted successfully.
Error submitting Sell order:  name 'symbol' is not defined
2023-04-10 06:27:59 | #PA3AMQWJBBTI | Prediction = SELL | Sell order for 0.0106 ETHUSD at 1861.3489 submitted successfully.
Error submitting Sell order:  name 'symbol' is not defined
2023-04-10 07:29:56 | #PA3AMQWJBBTI | Prediction = SELL | ETHUSD = 1857.2000 | ETH owned = 0.0212 | Portfolio Value = 9848.4267 USD|Waiting for right time to buy.
2023-04-10 08:30:00 | #PA3AMQWJBBTI | Prediction = BUY | Buy order for 4.0290 ETHUSD at 1855.9041 submitted successfully.
Error submitting Buy order:  name 'symbol' is not defined
2023-04-10 09:30:05 | #PA3AMQWJBBTI | Prediction = SELL | Sell order for 1.3433 ETHUSD at 1854.6595 submitted successfully.
2023-04-10 09:30:05 - Order execution timed out. Resubmitting the order with an updated price.
2023-04-10 09:30:05 - Sell order for 1.3433424 ETH/USD at 1856.2231525700001 submitted successfully.
Error submitting Sell order:  name 'symbol' is not defined
2023-04-10 10:36:07 | #PA3AMQWJBBTI | Prediction = SELL | Sell order for 0.8788 ETHUSD at 1863.1784 submitted successfully.
2023-04-10 10:36:07 - Order execution timed out. Resubmitting the order with an updated price.
2023-04-10 10:36:07 - Sell order for 0.878752658 ETH/USD at 1863.4866985 submitted successfully.
Error submitting Sell order:  name 'symbol' is not defined
2023-04-10 11:40:46 | #PA3AMQWJBBTI | Prediction = SELL | Sell order for 0.5687 ETHUSD at 1866.5947 submitted successfully.
Error submitting Sell order:  name 'symbol' is not defined
2023-04-10 14:26:10 | #PA3AMQWJBBTI | Prediction = SELL | Sell order for 0.3796 ETHUSD at 1890.3879 submitted successfully.
2023-04-10 14:26:10 - Order canceled.
2023-04-10 14:27:47 | #PA3AMQWJBBTI | Prediction = SELL | Sell order for 0.3796 ETHUSD at 1888.1596 submitted successfully.
Error submitting Sell order:  local variable 'eth_usd_price' referenced before assignment
2023-04-10 15:29:34 | #PA3AMQWJBBTI | Prediction = SELL | Sell order for 0.2534 ETHUSD at 1885.7999 submitted successfully.
2023-04-10 15:29:34 - Order execution timed out. Resubmitting the order with an updated price.
2023-04-10 15:29:34 - Sell order for 0.253394417 ETH/USD at 1882.29641 submitted successfully.
2023-04-10 15:29:34 - Order execution timed out. Resubmitting the order with an updated price.
2023-04-10 15:29:34 - Sell order for 0.253394417 ETH/USD at 1883.2482420000001 submitted successfully.
2023-04-10 15:29:34 - Order executed successfully | Portfolio Value = 9869.1061 USD
2023-04-10 16:38:32 | #PA3AMQWJBBTI | Prediction = SELL | Sell order for 0.1691 ETHUSD at 1890.6999 submitted successfully.
Error submitting Sell order:  local variable 'eth_usd_price' referenced before assignment
2023-04-10 17:41:14 | #PA3AMQWJBBTI | Prediction = SELL | Sell order for 0.1129 ETHUSD at 1907.5316 submitted successfully.
Error submitting Sell order:  local variable 'eth_usd_price' referenced before assignment
2023-04-10 18:42:36 | #PA3AMQWJBBTI | Prediction = SELL | Sell order for 0.0754 ETHUSD at 1912.7249 submitted successfully.
2023-04-10 18:42:36 - Order execution timed out. Resubmitting the order with an updated price.
2023-04-10 18:42:36 - Sell order for 0.075361729 ETH/USD at 1911.9999 submitted successfully.
2023-04-10 18:42:36 - Order execution timed out. Resubmitting the order with an updated price.
2023-04-10 18:42:36 - Sell order for 0.075361729 ETH/USD at 1912.3107 submitted successfully.
2023-04-10 18:42:36 - Order execution timed out. Resubmitting the order with an updated price.
2023-04-10 18:42:36 - Sell order for 0.075361729 ETH/USD at 1909.369651 submitted successfully.
2023-04-10 18:42:36 - Order execution timed out. Resubmitting the order with an updated price.
2023-04-10 18:42:36 - Sell order for 0.075361729 ETH/USD at 1909.0999 submitted successfully.
2023-04-10 18:42:36 - Order executed successfully | Portfolio Value = 9877.9374 USD
2023-04-10 19:55:33 | #PA3AMQWJBBTI | Prediction = SELL | Sell order for 0.0503 ETHUSD at 1917.5916 submitted successfully.
Error submitting Sell order:  local variable 'eth_usd_price' referenced before assignment
2023-04-10 20:58:18 | #PA3AMQWJBBTI | Prediction = SELL | Sell order for 0.0336 ETHUSD at 1925.9681 submitted successfully.
Error submitting Sell order:  local variable 'eth_usd_price' referenced before assignment
2023-04-10 21:58:41 | #PA3AMQWJBBTI | Prediction = SELL | Sell order for 0.0224 ETHUSD at 1926.1968 submitted successfully.
Error submitting Sell order:  local variable 'eth_usd_price' referenced before assignment
2023-04-10 23:00:23 | #PA3AMQWJBBTI | Prediction = SELL | Sell order for 0.0150 ETHUSD at 1924.7306 submitted successfully.
2023-04-10 23:00:23 - Order execution timed out. Resubmitting the order with an updated price.
2023-04-10 23:00:23 - Sell order for 0.014960839 ETH/USD at 1924.3319000000001 submitted successfully.
2023-04-10 23:00:23 - Order execution timed out. Resubmitting the order with an updated price.
2023-04-10 23:00:23 - Sell order for 0.014960839 ETH/USD at 1923.2733661 submitted successfully.
2023-04-10 23:00:23 - Order execution timed out. Resubmitting the order with an updated price.
2023-04-10 23:00:23 - Sell order for 0.014960839 ETH/USD at 1922.01324287 submitted successfully.
2023-04-10 23:00:23 - Order execution timed out. Resubmitting the order with an updated price.
2023-04-10 23:00:23 - Sell order for 0.014960839 ETH/USD at 1922.4299 submitted successfully.
2023-04-10 23:00:23 - Order execution timed out. Resubmitting the order with an updated price.
2023-04-10 23:00:23 - Sell order for 0.014960839 ETH/USD at 1921.8068 submitted successfully.
2023-04-10 23:00:23 - Order executed successfully | Portfolio Value = 9879.5159 USD
2023-04-11 00:18:19 | #PA3AMQWJBBTI | Prediction = SELL | Sell order for 0.0100 ETHUSD at 1923.1658 submitted successfully.
Error submitting Sell order:  local variable 'eth_usd_price' referenced before assignment
